<?xml version="1.0" encoding="UTF-8"?>
<testng-results skipped="0" failed="0" ignored="0" total="1" passed="1">
  <reporter-output>
  </reporter-output>
  <suite name="Default suite" duration-ms="11313" started-at="2020-06-12T00:12:54 IST" finished-at="2020-06-12T00:13:06 IST">
    <groups>
    </groups>
    <test name="Default test" duration-ms="11313" started-at="2020-06-12T00:12:54 IST" finished-at="2020-06-12T00:13:06 IST">
      <class name="com.testyantra.scripts.InCorrectLogin">
        <test-method status="PASS" signature="test()[pri:0, instance:com.testyantra.scripts.InCorrectLogin@6737fd8f]" name="test" duration-ms="11214" started-at="2020-06-12T00:12:54 IST" finished-at="2020-06-12T00:13:06 IST">
          <reporter-output>
          </reporter-output>
        </test-method> <!-- test -->
      </class> <!-- com.testyantra.scripts.InCorrectLogin -->
    </test> <!-- Default test -->
  </suite> <!-- Default suite -->
</testng-results>
